2025-10-18T21:59:35.568+0100	INFO	Logger constructed
2025-10-18T21:59:35.568+0100	INFO	App starting
2025-10-18T21:59:35.568+0100	INFO	DATABASE_URL env var found, skipping dbconfig...
2025-10-18T21:59:38.165+0100	INFO	Request complete	{"method": "POST", "path": "/applications/", "status": 201}
2025-10-18T22:01:13.076+0100	WARN	Request failed	{"method": "POST", "path": "/applications/", "status": 500}
2025-10-18T22:09:04.289+0100	INFO	Request complete	{"method": "POST", "path": "/applications/", "status": 201}
2025-10-18T22:11:55.984+0100	WARN	Request failed	{"method": "POST", "path": "/applications/", "status": 500}
2025-10-18T22:13:44.133+0100	INFO	Logger constructed
2025-10-18T22:13:44.134+0100	INFO	App starting
2025-10-18T22:13:44.134+0100	INFO	DATABASE_URL env var found, skipping dbconfig...
2025-10-18T22:13:46.743+0100	INFO	Request complete	{"method": "POST", "path": "/applications/", "status": 400}
2025-10-18T22:14:31.596+0100	INFO	Logger constructed
2025-10-18T22:14:31.596+0100	INFO	App starting
2025-10-18T22:14:31.596+0100	INFO	DATABASE_URL env var found, skipping dbconfig...
2025-10-18T22:14:33.523+0100	WARN	Request failed	{"method": "POST", "path": "/applications/", "status": 500}
2025-10-18T22:18:44.553+0100	INFO	Logger constructed
2025-10-18T22:18:44.553+0100	INFO	App starting
2025-10-18T22:18:44.553+0100	INFO	DATABASE_URL env var found, skipping dbconfig...
2025-10-18T22:18:47.466+0100	WARN	Request failed	{"method": "POST", "path": "/applications/", "status": 500}
2025-10-18T22:19:04.095+0100	INFO	Logger constructed
2025-10-18T22:19:04.095+0100	INFO	App starting
2025-10-18T22:19:04.095+0100	INFO	DATABASE_URL env var found, skipping dbconfig...
2025-10-18T22:19:06.300+0100	WARN	Request failed	{"method": "POST", "path": "/applications/", "status": 500}
2025-10-18T22:20:29.713+0100	INFO	Logger constructed
2025-10-18T22:20:29.713+0100	INFO	App starting
2025-10-18T22:20:29.713+0100	INFO	DATABASE_URL env var found, skipping dbconfig...
2025-10-18T22:20:34.445+0100	WARN	Request failed	{"method": "POST", "path": "/applications/", "status": 500}
2025-10-18T22:24:54.199+0100	INFO	Logger constructed
2025-10-18T22:24:54.200+0100	INFO	App starting
2025-10-18T22:24:54.200+0100	INFO	DATABASE_URL env var found, skipping dbconfig...
2025-10-18T22:26:20.860+0100	INFO	Logger constructed
2025-10-18T22:26:20.860+0100	INFO	App starting
2025-10-18T22:26:20.860+0100	INFO	DATABASE_URL env var found, skipping dbconfig...
2025-10-18T22:26:23.807+0100	INFO	Request complete	{"method": "POST", "path": "/applications/", "status": 201}
2025-10-18T22:27:52.721+0100	WARN	Request failed	{"method": "POST", "path": "/applications/", "status": 500}
2025-10-18T22:34:18.027+0100	INFO	Request complete	{"method": "DELETE", "path": "/applications/google", "status": 405}
2025-10-18T22:34:35.155+0100	INFO	Request complete	{"method": "DELETE", "path": "/applications/google", "status": 405}
2025-10-18T22:35:02.692+0100	INFO	Request complete	{"method": "DELETE", "path": "/applications/google", "status": 405}
2025-10-18T22:35:12.905+0100	INFO	Request complete	{"method": "DELETE", "path": "/applications/google", "status": 405}
2025-10-18T22:36:04.771+0100	WARN	Request failed	{"method": "POST", "path": "/applications/", "status": 500}
2025-10-18T22:36:13.654+0100	INFO	Request complete	{"method": "DELETE", "path": "/applications/google", "status": 405}
2025-10-18T22:36:39.588+0100	INFO	Request complete	{"method": "DELETE", "path": "/applications/google", "status": 405}
2025-10-18T22:37:01.147+0100	INFO	Request complete	{"method": "GET", "path": "/applications/google", "status": 0}
2025-10-18T22:37:08.701+0100	INFO	Request complete	{"method": "DELETE", "path": "/applications/google", "status": 405}
2025-10-18T22:37:38.945+0100	INFO	Request complete	{"method": "DELETE", "path": "/applications/google", "status": 405}
2025-10-18T22:37:51.658+0100	INFO	Logger constructed
2025-10-18T22:37:51.658+0100	INFO	App starting
2025-10-18T22:37:51.658+0100	INFO	DATABASE_URL env var found, skipping dbconfig...
2025-10-18T22:37:53.466+0100	INFO	Request complete	{"method": "DELETE", "path": "/applications/google", "status": 204}
2025-10-18T22:38:01.262+0100	INFO	Request complete	{"method": "DELETE", "path": "/applications/google", "status": 204}
2025-10-18T22:38:13.667+0100	INFO	Request complete	{"method": "POST", "path": "/applications/", "status": 201}
2025-10-18T22:43:10.281+0100	WARN	Request failed	{"method": "GET", "path": "/applications/s", "status": 500}
2025-10-18T22:43:11.736+0100	INFO	Request complete	{"method": "GET", "path": "/applications/", "status": 200}
2025-10-18T23:31:19.046+0100	INFO	Logger constructed
2025-10-18T23:31:19.046+0100	INFO	App starting
2025-10-18T23:31:19.046+0100	INFO	DATABASE_URL env var found, skipping dbconfig...
2025-10-18T23:31:33.263+0100	WARN	Request failed	{"method": "POST", "path": "/applications/", "status": 500}
2025-10-18T23:32:03.065+0100	INFO	Request complete	{"method": "DELETE", "path": "/applications/google/1", "status": 404}
2025-10-18T23:32:05.806+0100	INFO	Request complete	{"method": "DELETE", "path": "/applications/google/2", "status": 404}
2025-10-18T23:32:10.212+0100	INFO	Request complete	{"method": "DELETE", "path": "/applications/google/0", "status": 404}
2025-10-18T23:32:41.501+0100	INFO	Request complete	{"method": "DELETE", "path": "/applications/google/notes", "status": 404}
2025-10-18T23:32:46.934+0100	INFO	Request complete	{"method": "GET", "path": "/applications/google/notes", "status": 404}
2025-10-18T23:33:02.755+0100	INFO	Request complete	{"method": "GET", "path": "/applications/", "status": 200}
2025-10-18T23:33:09.361+0100	INFO	Request complete	{"method": "GET", "path": "/applications/google", "status": 404}
2025-10-18T23:33:42.732+0100	INFO	Logger constructed
2025-10-18T23:33:42.732+0100	INFO	App starting
2025-10-18T23:33:42.732+0100	INFO	DATABASE_URL env var found, skipping dbconfig...
2025-10-18T23:33:44.935+0100	INFO	Request complete	{"method": "GET", "path": "/applications/google", "status": 0}
2025-10-18T23:33:54.371+0100	INFO	Request complete	{"method": "GET", "path": "/applications/google/notes", "status": 404}
2025-10-18T23:34:13.999+0100	INFO	Logger constructed
2025-10-18T23:34:13.999+0100	INFO	App starting
2025-10-18T23:34:13.999+0100	INFO	DATABASE_URL env var found, skipping dbconfig...
2025-10-18T23:34:15.821+0100	INFO	Request complete	{"method": "GET", "path": "/applications/google/notes", "status": 404}
2025-10-18T23:34:28.484+0100	INFO	Request complete	{"method": "GET", "path": "/applications/google/notes", "status": 404}
2025-10-18T23:34:32.153+0100	WARN	Request failed	{"method": "GET", "path": "/applications/notes", "status": 500}
2025-10-18T23:35:46.920+0100	INFO	Logger constructed
2025-10-18T23:35:46.920+0100	INFO	App starting
2025-10-18T23:35:46.920+0100	INFO	DATABASE_URL env var found, skipping dbconfig...
2025-10-18T23:35:52.080+0100	INFO	Request complete	{"method": "GET", "path": "/applications/", "status": 200}
2025-10-18T23:35:54.513+0100	INFO	Request complete	{"method": "GET", "path": "/applications/google", "status": 0}
2025-10-18T23:36:03.112+0100	INFO	Request complete	{"method": "GET", "path": "/applications/google/notes", "status": 0}
2025-10-18T23:37:01.288+0100	INFO	Request complete	{"method": "POST", "path": "/applications/google/notes", "status": 201}
2025-10-18T23:37:06.748+0100	INFO	Request complete	{"method": "POST", "path": "/applications/google/notes", "status": 201}
2025-10-18T23:37:19.901+0100	INFO	Request complete	{"method": "POST", "path": "/applications/google/notes", "status": 201}
2025-10-18T23:39:13.595+0100	INFO	Request complete	{"method": "DELETE", "path": "/applications/google/notes", "status": 405}
2025-10-18T23:39:33.994+0100	INFO	Request complete	{"method": "DELETE", "path": "/applications/google/notes/2", "status": 204}
2025-10-18T23:39:44.263+0100	INFO	Request complete	{"method": "DELETE", "path": "/applications/google/notes", "status": 405}
2025-10-19T01:02:26.034+0100	INFO	Logger constructed
2025-10-19T01:02:26.034+0100	INFO	App starting
2025-10-19T01:02:26.034+0100	INFO	DATABASE_URL env var found, skipping dbconfig...
2025-10-19T01:02:55.074+0100	INFO	Request complete	{"method": "GET", "path": "/applications", "status": 200}
2025-10-19T01:03:09.387+0100	INFO	Request complete	{"method": "GET", "path": "/applications", "status": 200}
2025-10-19T01:03:09.410+0100	INFO	Request complete	{"method": "POST", "path": "/applications", "status": 201}
2025-10-19T01:03:09.424+0100	INFO	Request complete	{"method": "GET", "path": "/applications/There Is No Company With This Name", "status": 0}
2025-10-19T01:03:09.439+0100	INFO	Request complete	{"method": "GET", "path": "/applications/There Is No Company With This Name/notes", "status": 0}
2025-10-19T01:03:09.453+0100	INFO	Request complete	{"method": "POST", "path": "/applications/There Is No Company With This Name/notes", "status": 201}
2025-10-19T01:03:09.468+0100	INFO	Request complete	{"method": "PUT", "path": "/applications/There Is No Company With This Name", "status": 204}
2025-10-19T01:03:09.482+0100	INFO	Request complete	{"method": "DELETE", "path": "/applications/There Is No Company With This Name/notes/0", "status": 204}
2025-10-19T01:03:09.493+0100	INFO	Request complete	{"method": "DELETE", "path": "/applications/There Is No Company With This Name", "status": 204}
2025-10-19T01:03:58.981+0100	INFO	Request complete	{"method": "POST", "path": "/applications", "status": 201}
2025-10-19T01:04:01.796+0100	INFO	Request complete	{"method": "DELETE", "path": "/applications/There Is No Company With This Name", "status": 204}
2025-10-19T01:05:48.444+0100	WARN	Request failed	{"method": "GET", "path": "/applications/There Is No Company With This Name", "status": 500}
2025-10-19T01:06:09.047+0100	INFO	Request complete	{"method": "GET", "path": "/applications", "status": 200}
2025-10-19T01:06:15.074+0100	WARN	Request failed	{"method": "GET", "path": "/applications/There Is No Company With This Name/notes", "status": 500}
2025-10-19T01:06:26.916+0100	INFO	Request complete	{"method": "GET", "path": "/applications", "status": 200}
2025-10-19T01:06:26.939+0100	INFO	Request complete	{"method": "POST", "path": "/applications", "status": 201}
2025-10-19T01:06:26.974+0100	INFO	Request complete	{"method": "GET", "path": "/applications/There Is No Company With This Name", "status": 0}
2025-10-19T01:06:27.019+0100	INFO	Request complete	{"method": "GET", "path": "/applications/There Is No Company With This Name/notes", "status": 0}
2025-10-19T01:06:27.069+0100	INFO	Request complete	{"method": "POST", "path": "/applications/There Is No Company With This Name/notes", "status": 201}
2025-10-19T01:06:27.093+0100	INFO	Request complete	{"method": "PUT", "path": "/applications/There Is No Company With This Name", "status": 204}
2025-10-19T01:06:27.120+0100	INFO	Request complete	{"method": "DELETE", "path": "/applications/There Is No Company With This Name/notes/0", "status": 204}
2025-10-19T01:06:27.150+0100	INFO	Request complete	{"method": "DELETE", "path": "/applications/There Is No Company With This Name", "status": 204}
2025-10-19T01:07:46.460+0100	INFO	Request complete	{"method": "GET", "path": "/applications", "status": 200}
2025-10-19T01:07:46.466+0100	INFO	Request complete	{"method": "POST", "path": "/applications", "status": 201}
2025-10-19T01:07:46.471+0100	INFO	Request complete	{"method": "GET", "path": "/applications/There Is No Company With This Name", "status": 0}
2025-10-19T01:07:46.478+0100	INFO	Request complete	{"method": "GET", "path": "/applications/There Is No Company With This Name/notes", "status": 0}
2025-10-19T01:07:46.484+0100	INFO	Request complete	{"method": "POST", "path": "/applications/There Is No Company With This Name/notes", "status": 201}
2025-10-19T01:07:46.491+0100	INFO	Request complete	{"method": "PUT", "path": "/applications/There Is No Company With This Name", "status": 204}
2025-10-19T01:07:46.498+0100	INFO	Request complete	{"method": "DELETE", "path": "/applications/There Is No Company With This Name/notes/0", "status": 204}
2025-10-19T01:07:46.505+0100	INFO	Request complete	{"method": "DELETE", "path": "/applications/There Is No Company With This Name", "status": 204}
2025-10-19T01:27:28.397+0100	INFO	Logger constructed
2025-10-19T01:27:28.397+0100	INFO	App starting
2025-10-19T01:27:28.397+0100	INFO	DATABASE_URL env var found, skipping dbconfig...
2025-10-19T01:27:39.290+0100	INFO	Request complete	{"method": "DELETE", "path": "/applications/google/notes", "status": 405}
2025-10-19T01:30:41.818+0100	INFO	Request complete	{"method": "DELETE", "path": "/applications/google/notes/0", "status": 204}
2025-10-19T01:30:54.510+0100	INFO	Request complete	{"method": "DELETE", "path": "/applications/google/", "status": 204}
2025-10-19T01:31:04.834+0100	WARN	Request failed	{"method": "GET", "path": "/applications/google/", "status": 500}
2025-10-19T01:31:14.487+0100	INFO	Request complete	{"method": "GET", "path": "/applications/", "status": 200}
2025-10-19T01:40:38.291+0100	INFO	Logger constructed
2025-10-19T01:40:38.291+0100	INFO	App starting
2025-10-19T01:40:38.291+0100	INFO	DATABASE_URL env var found, skipping dbconfig...
2025-10-19T01:40:47.705+0100	INFO	Request complete	{"method": "GET", "path": "/applications/", "status": 200}
2025-10-19T01:41:38.332+0100	INFO	Request complete	{"method": "GET", "path": "/applications/", "status": 200}
2025-10-19T02:18:34.402+0100	INFO	Logger constructed
2025-10-19T02:18:34.402+0100	INFO	App starting
2025-10-19T02:18:34.402+0100	INFO	DATABASE_URL env var found, skipping dbconfig...
2025-10-19T02:18:40.356+0100	INFO	Request complete	{"method": "GET", "path": "/applications/", "status": 200}
